/scratch/cnt0024/hmg2840/albert7a/anaconda3/lib/python3.7/site-packages/distributed/utils.py:136: RuntimeWarning: Couldn't detect a suitable IP address for reaching '8.8.8.8', defaulting to '127.0.0.1': [Errno 101] Network is unreachable
  RuntimeWarning,
distributed.nanny - INFO -         Start Nanny at: 'tcp://172.30.8.59:37840'
distributed.nanny - INFO -         Start Nanny at: 'tcp://172.30.8.59:32782'
distributed.nanny - INFO -         Start Nanny at: 'tcp://172.30.8.59:41127'
distributed.nanny - INFO -         Start Nanny at: 'tcp://172.30.8.59:36229'
distributed.nanny - INFO -         Start Nanny at: 'tcp://172.30.8.59:36704'
distributed.nanny - INFO -         Start Nanny at: 'tcp://172.30.8.59:33261'
distributed.nanny - INFO -         Start Nanny at: 'tcp://172.30.8.59:37496'
distributed.nanny - INFO -         Start Nanny at: 'tcp://172.30.8.59:44413'
distributed.nanny - INFO -         Start Nanny at: 'tcp://172.30.8.59:37038'
distributed.nanny - INFO -         Start Nanny at: 'tcp://172.30.8.59:34262'
distributed.nanny - INFO -         Start Nanny at: 'tcp://172.30.8.59:43965'
distributed.nanny - INFO -         Start Nanny at: 'tcp://172.30.8.59:44689'
distributed.nanny - INFO -         Start Nanny at: 'tcp://172.30.8.59:39273'
distributed.nanny - INFO -         Start Nanny at: 'tcp://172.30.8.59:36928'
distributed.nanny - INFO -         Start Nanny at: 'tcp://172.30.8.59:35502'
distributed.nanny - INFO -         Start Nanny at: 'tcp://172.30.8.59:42814'
distributed.nanny - INFO -         Start Nanny at: 'tcp://172.30.8.59:44322'
distributed.nanny - INFO -         Start Nanny at: 'tcp://172.30.8.59:39375'
distributed.nanny - INFO -         Start Nanny at: 'tcp://172.30.8.59:38842'
distributed.nanny - INFO -         Start Nanny at: 'tcp://172.30.8.59:35251'
distributed.nanny - INFO -         Start Nanny at: 'tcp://172.30.8.59:40415'
distributed.nanny - INFO -         Start Nanny at: 'tcp://172.30.8.59:46620'
distributed.nanny - INFO -         Start Nanny at: 'tcp://172.30.8.59:42781'
distributed.nanny - INFO -         Start Nanny at: 'tcp://172.30.8.59:43055'
distributed.nanny - INFO -         Start Nanny at: 'tcp://172.30.8.59:43631'
distributed.nanny - INFO -         Start Nanny at: 'tcp://172.30.8.59:41181'
distributed.nanny - INFO -         Start Nanny at: 'tcp://172.30.8.59:41821'
distributed.nanny - INFO -         Start Nanny at: 'tcp://172.30.8.59:35326'
/scratch/cnt0024/hmg2840/albert7a/anaconda3/lib/python3.7/site-packages/distributed/utils.py:136: RuntimeWarning: Couldn't detect a suitable IP address for reaching '8.8.8.8', defaulting to '127.0.0.1': [Errno 101] Network is unreachable
  RuntimeWarning,
distributed.worker - INFO -       Start worker at:    tcp://172.30.8.59:37407
/scratch/cnt0024/hmg2840/albert7a/anaconda3/lib/python3.7/site-packages/distributed/utils.py:136: RuntimeWarning: Couldn't detect a suitable IP address for reaching '8.8.8.8', defaulting to '127.0.0.1': [Errno 101] Network is unreachable
  RuntimeWarning,
distributed.worker - INFO -       Start worker at:    tcp://172.30.8.59:45723
/scratch/cnt0024/hmg2840/albert7a/anaconda3/lib/python3.7/site-packages/distributed/utils.py:136: RuntimeWarning: Couldn't detect a suitable IP address for reaching '8.8.8.8', defaulting to '127.0.0.1': [Errno 101] Network is unreachable
  RuntimeWarning,
distributed.worker - INFO -       Start worker at:    tcp://172.30.8.59:42155
distributed.worker - INFO -          Listening to:    tcp://172.30.8.59:37407
distributed.worker - INFO -          Listening to:    tcp://172.30.8.59:45723
distributed.worker - INFO -          dashboard at:          172.30.8.59:44888
distributed.worker - INFO -          Listening to:    tcp://172.30.8.59:42155
distributed.worker - INFO -          dashboard at:          172.30.8.59:33822
distributed.worker - INFO - Waiting to connect to:   tcp://172.30.100.1:46491
/scratch/cnt0024/hmg2840/albert7a/anaconda3/lib/python3.7/site-packages/distributed/utils.py:136: RuntimeWarning: Couldn't detect a suitable IP address for reaching '8.8.8.8', defaulting to '127.0.0.1': [Errno 101] Network is unreachable
  RuntimeWarning,
distributed.worker - INFO -       Start worker at:    tcp://172.30.8.59:42856
/scratch/cnt0024/hmg2840/albert7a/anaconda3/lib/python3.7/site-packages/distributed/utils.py:136: RuntimeWarning: Couldn't detect a suitable IP address for reaching '8.8.8.8', defaulting to '127.0.0.1': [Errno 101] Network is unreachable
  RuntimeWarning,
distributed.worker - INFO -       Start worker at:    tcp://172.30.8.59:35429
distributed.worker - INFO -          dashboard at:          172.30.8.59:37934
distributed.worker - INFO - -------------------------------------------------
distributed.worker - INFO - Waiting to connect to:   tcp://172.30.100.1:46491
/scratch/cnt0024/hmg2840/albert7a/anaconda3/lib/python3.7/site-packages/distributed/utils.py:136: RuntimeWarning: Couldn't detect a suitable IP address for reaching '8.8.8.8', defaulting to '127.0.0.1': [Errno 101] Network is unreachable
  RuntimeWarning,
distributed.worker - INFO -       Start worker at:    tcp://172.30.8.59:34812
distributed.worker - INFO -          Listening to:    tcp://172.30.8.59:42856
distributed.worker - INFO -          Listening to:    tcp://172.30.8.59:35429
/scratch/cnt0024/hmg2840/albert7a/anaconda3/lib/python3.7/site-packages/distributed/utils.py:136: RuntimeWarning: Couldn't detect a suitable IP address for reaching '8.8.8.8', defaulting to '127.0.0.1': [Errno 101] Network is unreachable
  RuntimeWarning,
distributed.worker - INFO -       Start worker at:    tcp://172.30.8.59:42785
/scratch/cnt0024/hmg2840/albert7a/anaconda3/lib/python3.7/site-packages/distributed/utils.py:136: RuntimeWarning: Couldn't detect a suitable IP address for reaching '8.8.8.8', defaulting to '127.0.0.1': [Errno 101] Network is unreachable
  RuntimeWarning,
distributed.worker - INFO -       Start worker at:    tcp://172.30.8.59:32897
distributed.worker - INFO - Waiting to connect to:   tcp://172.30.100.1:46491
distributed.worker - INFO - -------------------------------------------------
/scratch/cnt0024/hmg2840/albert7a/anaconda3/lib/python3.7/site-packages/distributed/utils.py:136: RuntimeWarning: Couldn't detect a suitable IP address for reaching '8.8.8.8', defaulting to '127.0.0.1': [Errno 101] Network is unreachable
  RuntimeWarning,
distributed.worker - INFO -       Start worker at:    tcp://172.30.8.59:35402
distributed.worker - INFO -          Listening to:    tcp://172.30.8.59:34812
distributed.worker - INFO -          dashboard at:          172.30.8.59:39359
distributed.worker - INFO -               Threads:                          1
/scratch/cnt0024/hmg2840/albert7a/anaconda3/lib/python3.7/site-packages/distributed/utils.py:136: RuntimeWarning: Couldn't detect a suitable IP address for reaching '8.8.8.8', defaulting to '127.0.0.1': [Errno 101] Network is unreachable
  RuntimeWarning,
distributed.worker - INFO -       Start worker at:    tcp://172.30.8.59:35806
distributed.worker - INFO -          dashboard at:          172.30.8.59:44340
/scratch/cnt0024/hmg2840/albert7a/anaconda3/lib/python3.7/site-packages/distributed/utils.py:136: RuntimeWarning: Couldn't detect a suitable IP address for reaching '8.8.8.8', defaulting to '127.0.0.1': [Errno 101] Network is unreachable
  RuntimeWarning,
distributed.worker - INFO -       Start worker at:    tcp://172.30.8.59:45395
/scratch/cnt0024/hmg2840/albert7a/anaconda3/lib/python3.7/site-packages/distributed/utils.py:136: RuntimeWarning: Couldn't detect a suitable IP address for reaching '8.8.8.8', defaulting to '127.0.0.1': [Errno 101] Network is unreachable
  RuntimeWarning,
distributed.worker - INFO -       Start worker at:    tcp://172.30.8.59:38793
/scratch/cnt0024/hmg2840/albert7a/anaconda3/lib/python3.7/site-packages/distributed/utils.py:136: RuntimeWarning: Couldn't detect a suitable IP address for reaching '8.8.8.8', defaulting to '127.0.0.1': [Errno 101] Network is unreachable
  RuntimeWarning,
distributed.worker - INFO -       Start worker at:    tcp://172.30.8.59:45403
distributed.worker - INFO - -------------------------------------------------
distributed.worker - INFO -          Listening to:    tcp://172.30.8.59:32897
distributed.worker - INFO -          Listening to:    tcp://172.30.8.59:42785
/scratch/cnt0024/hmg2840/albert7a/anaconda3/lib/python3.7/site-packages/distributed/utils.py:136: RuntimeWarning: Couldn't detect a suitable IP address for reaching '8.8.8.8', defaulting to '127.0.0.1': [Errno 101] Network is unreachable
  RuntimeWarning,
distributed.worker - INFO -       Start worker at:    tcp://172.30.8.59:36066
/scratch/cnt0024/hmg2840/albert7a/anaconda3/lib/python3.7/site-packages/distributed/utils.py:136: RuntimeWarning: Couldn't detect a suitable IP address for reaching '8.8.8.8', defaulting to '127.0.0.1': [Errno 101] Network is unreachable
  RuntimeWarning,
distributed.worker - INFO -       Start worker at:    tcp://172.30.8.59:45734
distributed.worker - INFO -          Listening to:    tcp://172.30.8.59:35402
/scratch/cnt0024/hmg2840/albert7a/anaconda3/lib/python3.7/site-packages/distributed/utils.py:136: RuntimeWarning: Couldn't detect a suitable IP address for reaching '8.8.8.8', defaulting to '127.0.0.1': [Errno 101] Network is unreachable
  RuntimeWarning,
distributed.worker - INFO -       Start worker at:    tcp://172.30.8.59:46436
distributed.worker - INFO - Waiting to connect to:   tcp://172.30.100.1:46491
distributed.worker - INFO -          dashboard at:          172.30.8.59:41042
distributed.worker - INFO -               Threads:                          1
distributed.worker - INFO -                Memory:                    4.29 GB
distributed.worker - INFO - Waiting to connect to:   tcp://172.30.100.1:46491
distributed.worker - INFO -          Listening to:    tcp://172.30.8.59:35806
distributed.worker - INFO -          Listening to:    tcp://172.30.8.59:45395
distributed.worker - INFO -          Listening to:    tcp://172.30.8.59:38793
/scratch/cnt0024/hmg2840/albert7a/anaconda3/lib/python3.7/site-packages/distributed/utils.py:136: RuntimeWarning: Couldn't detect a suitable IP address for reaching '8.8.8.8', defaulting to '127.0.0.1': [Errno 101] Network is unreachable
  RuntimeWarning,
distributed.worker - INFO -       Start worker at:    tcp://172.30.8.59:35975
/scratch/cnt0024/hmg2840/albert7a/anaconda3/lib/python3.7/site-packages/distributed/utils.py:136: RuntimeWarning: Couldn't detect a suitable IP address for reaching '8.8.8.8', defaulting to '127.0.0.1': [Errno 101] Network is unreachable
  RuntimeWarning,
distributed.worker - INFO -       Start worker at:    tcp://172.30.8.59:45247
distributed.worker - INFO -          Listening to:    tcp://172.30.8.59:45403
/scratch/cnt0024/hmg2840/albert7a/anaconda3/lib/python3.7/site-packages/distributed/utils.py:136: RuntimeWarning: Couldn't detect a suitable IP address for reaching '8.8.8.8', defaulting to '127.0.0.1': [Errno 101] Network is unreachable
  RuntimeWarning,
distributed.worker - INFO -       Start worker at:    tcp://172.30.8.59:43009
distributed.worker - INFO -          dashboard at:          172.30.8.59:45992
distributed.worker - INFO -          dashboard at:          172.30.8.59:40955
distributed.worker - INFO -          Listening to:    tcp://172.30.8.59:36066
distributed.worker - INFO -               Threads:                          1
distributed.worker - INFO - -------------------------------------------------
/scratch/cnt0024/hmg2840/albert7a/anaconda3/lib/python3.7/site-packages/distributed/utils.py:136: RuntimeWarning: Couldn't detect a suitable IP address for reaching '8.8.8.8', defaulting to '127.0.0.1': [Errno 101] Network is unreachable
  RuntimeWarning,
distributed.worker - INFO -       Start worker at:    tcp://172.30.8.59:44771
/scratch/cnt0024/hmg2840/albert7a/anaconda3/lib/python3.7/site-packages/distributed/utils.py:136: RuntimeWarning: Couldn't detect a suitable IP address for reaching '8.8.8.8', defaulting to '127.0.0.1': [Errno 101] Network is unreachable
  RuntimeWarning,
distributed.worker - INFO -       Start worker at:    tcp://172.30.8.59:38499
distributed.worker - INFO -                Memory:                    4.29 GB
distributed.worker - INFO -       Local Directory: /scratch/cnt0024/hmg2840/albert7a/daskjobqueue/worker-4iqup5vs
/scratch/cnt0024/hmg2840/albert7a/anaconda3/lib/python3.7/site-packages/distributed/utils.py:136: RuntimeWarning: Couldn't detect a suitable IP address for reaching '8.8.8.8', defaulting to '127.0.0.1': [Errno 101] Network is unreachable
  RuntimeWarning,
distributed.worker - INFO -       Start worker at:    tcp://172.30.8.59:36603
distributed.worker - INFO -          Listening to:    tcp://172.30.8.59:46436
distributed.worker - INFO - -------------------------------------------------
distributed.worker - INFO - Waiting to connect to:   tcp://172.30.100.1:46491
distributed.worker - INFO -          dashboard at:          172.30.8.59:34339
distributed.worker - INFO -          dashboard at:          172.30.8.59:44704
distributed.worker - INFO -          Listening to:    tcp://172.30.8.59:35975
distributed.worker - INFO -          dashboard at:          172.30.8.59:45496
/scratch/cnt0024/hmg2840/albert7a/anaconda3/lib/python3.7/site-packages/distributed/utils.py:136: RuntimeWarning: Couldn't detect a suitable IP address for reaching '8.8.8.8', defaulting to '127.0.0.1': [Errno 101] Network is unreachable
  RuntimeWarning,
distributed.worker - INFO -       Start worker at:    tcp://172.30.8.59:41802
/scratch/cnt0024/hmg2840/albert7a/anaconda3/lib/python3.7/site-packages/distributed/utils.py:136: RuntimeWarning: Couldn't detect a suitable IP address for reaching '8.8.8.8', defaulting to '127.0.0.1': [Errno 101] Network is unreachable
  RuntimeWarning,
distributed.worker - INFO -       Start worker at:    tcp://172.30.8.59:36712
/scratch/cnt0024/hmg2840/albert7a/anaconda3/lib/python3.7/site-packages/distributed/utils.py:136: RuntimeWarning: Couldn't detect a suitable IP address for reaching '8.8.8.8', defaulting to '127.0.0.1': [Errno 101] Network is unreachable
  RuntimeWarning,
distributed.worker - INFO -       Start worker at:    tcp://172.30.8.59:32966
distributed.worker - INFO -          dashboard at:          172.30.8.59:41763
distributed.worker - INFO -          Listening to:    tcp://172.30.8.59:45734
distributed.worker - INFO -          Listening to:    tcp://172.30.8.59:45247
/scratch/cnt0024/hmg2840/albert7a/anaconda3/lib/python3.7/site-packages/distributed/utils.py:136: RuntimeWarning: Couldn't detect a suitable IP address for reaching '8.8.8.8', defaulting to '127.0.0.1': [Errno 101] Network is unreachable
  RuntimeWarning,
distributed.worker - INFO -       Start worker at:    tcp://172.30.8.59:44072
distributed.worker - INFO -          dashboard at:          172.30.8.59:35810
distributed.worker - INFO -          Listening to:    tcp://172.30.8.59:43009
distributed.worker - INFO - Waiting to connect to:   tcp://172.30.100.1:46491
distributed.worker - INFO - Waiting to connect to:   tcp://172.30.100.1:46491
distributed.worker - INFO -          dashboard at:          172.30.8.59:36593
distributed.worker - INFO -       Local Directory: /scratch/cnt0024/hmg2840/albert7a/daskjobqueue/worker-gi0w8v64
distributed.worker - INFO -          Listening to:    tcp://172.30.8.59:38499
distributed.worker - INFO - Waiting to connect to:   tcp://172.30.100.1:46491
distributed.worker - INFO -               Threads:                          1
distributed.worker - INFO -          dashboard at:          172.30.8.59:38579
distributed.worker - INFO - -------------------------------------------------
distributed.worker - INFO -          Listening to:    tcp://172.30.8.59:36603
distributed.worker - INFO -          dashboard at:          172.30.8.59:41852
distributed.worker - INFO - Waiting to connect to:   tcp://172.30.100.1:46491
distributed.worker - INFO - Waiting to connect to:   tcp://172.30.100.1:46491
distributed.worker - INFO -               Threads:                          1
distributed.worker - INFO - Waiting to connect to:   tcp://172.30.100.1:46491
distributed.worker - INFO - -------------------------------------------------
distributed.worker - INFO -          Listening to:    tcp://172.30.8.59:41802
distributed.worker - INFO -          dashboard at:          172.30.8.59:39324
distributed.worker - INFO - Waiting to connect to:   tcp://172.30.100.1:46491
distributed.worker - INFO -          dashboard at:          172.30.8.59:41606
distributed.worker - INFO -          Listening to:    tcp://172.30.8.59:36712
distributed.worker - INFO -          Listening to:    tcp://172.30.8.59:44771
distributed.worker - INFO - -------------------------------------------------
distributed.worker - INFO - -------------------------------------------------
distributed.worker - INFO - Waiting to connect to:   tcp://172.30.100.1:46491
distributed.worker - INFO - -------------------------------------------------
distributed.worker - INFO -                Memory:                    4.29 GB
distributed.worker - INFO -                Memory:                    4.29 GB
distributed.worker - INFO - Waiting to connect to:   tcp://172.30.100.1:46491
distributed.worker - INFO -          dashboard at:          172.30.8.59:34269
distributed.worker - INFO - Waiting to connect to:   tcp://172.30.100.1:46491
/scratch/cnt0024/hmg2840/albert7a/anaconda3/lib/python3.7/site-packages/distributed/utils.py:136: RuntimeWarning: Couldn't detect a suitable IP address for reaching '8.8.8.8', defaulting to '127.0.0.1': [Errno 101] Network is unreachable
  RuntimeWarning,
distributed.worker - INFO -       Start worker at:    tcp://172.30.8.59:38342
/scratch/cnt0024/hmg2840/albert7a/anaconda3/lib/python3.7/site-packages/distributed/utils.py:136: RuntimeWarning: Couldn't detect a suitable IP address for reaching '8.8.8.8', defaulting to '127.0.0.1': [Errno 101] Network is unreachable
  RuntimeWarning,
distributed.worker - INFO -       Start worker at:    tcp://172.30.8.59:35939
distributed.worker - INFO - -------------------------------------------------
distributed.worker - INFO - -------------------------------------------------
distributed.worker - INFO -                Memory:                    4.29 GB
distributed.worker - INFO - -------------------------------------------------
distributed.worker - INFO - -------------------------------------------------
distributed.worker - INFO -          dashboard at:          172.30.8.59:40498
distributed.worker - INFO - Waiting to connect to:   tcp://172.30.100.1:46491
distributed.worker - INFO - -------------------------------------------------
distributed.worker - INFO - Waiting to connect to:   tcp://172.30.100.1:46491
distributed.worker - INFO -       Local Directory: /scratch/cnt0024/hmg2840/albert7a/daskjobqueue/worker-y7tzaub7
distributed.worker - INFO -          dashboard at:          172.30.8.59:41271
distributed.worker - INFO -          dashboard at:          172.30.8.59:37680
distributed.worker - INFO -       Local Directory: /scratch/cnt0024/hmg2840/albert7a/daskjobqueue/worker-f55eum5q
distributed.worker - INFO -       Local Directory: /scratch/cnt0024/hmg2840/albert7a/daskjobqueue/worker-qzqxe4hx
distributed.worker - INFO - -------------------------------------------------
distributed.worker - INFO -          dashboard at:          172.30.8.59:44589
distributed.worker - INFO - -------------------------------------------------
distributed.worker - INFO - Waiting to connect to:   tcp://172.30.100.1:46491
distributed.worker - INFO -               Threads:                          1
distributed.worker - INFO -               Threads:                          1
distributed.worker - INFO - -------------------------------------------------
distributed.worker - INFO -          Listening to:    tcp://172.30.8.59:35939
distributed.worker - INFO -               Threads:                          1
distributed.worker - INFO -               Threads:                          1
distributed.worker - INFO -          dashboard at:          172.30.8.59:36811
distributed.worker - INFO -               Threads:                          1
distributed.worker - INFO -          Listening to:    tcp://172.30.8.59:38342
distributed.worker - INFO - -------------------------------------------------
distributed.worker - INFO - Waiting to connect to:   tcp://172.30.100.1:46491
distributed.worker - INFO - -------------------------------------------------
distributed.worker - INFO - Waiting to connect to:   tcp://172.30.100.1:46491
distributed.worker - INFO -               Threads:                          1
distributed.worker - INFO -               Threads:                          1
distributed.worker - INFO -               Threads:                          1
distributed.worker - INFO - Waiting to connect to:   tcp://172.30.100.1:46491
distributed.worker - INFO -          Listening to:    tcp://172.30.8.59:32966
distributed.worker - INFO -                Memory:                    4.29 GB
distributed.worker - INFO - -------------------------------------------------
distributed.worker - INFO -                Memory:                    4.29 GB
distributed.worker - INFO - Waiting to connect to:   tcp://172.30.100.1:46491
distributed.worker - INFO -               Threads:                          1
distributed.worker - INFO -          dashboard at:          172.30.8.59:45168
distributed.worker - INFO -               Threads:                          1
distributed.worker - INFO -                Memory:                    4.29 GB
distributed.worker - INFO -                Memory:                    4.29 GB
distributed.worker - INFO - -------------------------------------------------
distributed.worker - INFO - Waiting to connect to:   tcp://172.30.100.1:46491
distributed.worker - INFO - -------------------------------------------------
distributed.worker - INFO -                Memory:                    4.29 GB
distributed.worker - INFO -          dashboard at:          172.30.8.59:35198
distributed.worker - INFO - -------------------------------------------------
distributed.worker - INFO - -------------------------------------------------
distributed.worker - INFO -                Memory:                    4.29 GB
distributed.worker - INFO -                Memory:                    4.29 GB
distributed.worker - INFO -       Local Directory: /scratch/cnt0024/hmg2840/albert7a/daskjobqueue/worker-a57ocs5z
distributed.worker - INFO -               Threads:                          1
distributed.worker - INFO - -------------------------------------------------
distributed.worker - INFO -          dashboard at:          172.30.8.59:41981
distributed.worker - INFO -       Local Directory: /scratch/cnt0024/hmg2840/albert7a/daskjobqueue/worker-4cjcnufq
distributed.worker - INFO -                Memory:                    4.29 GB
distributed.worker - INFO -               Threads:                          1
distributed.worker - INFO -               Threads:                          1
distributed.worker - INFO - Waiting to connect to:   tcp://172.30.100.1:46491
distributed.worker - INFO -       Local Directory: /scratch/cnt0024/hmg2840/albert7a/daskjobqueue/worker-_xn0uoby
distributed.worker - INFO -                Memory:                    4.29 GB
distributed.worker - INFO -       Local Directory: /scratch/cnt0024/hmg2840/albert7a/daskjobqueue/worker-326beicq
distributed.worker - INFO -               Threads:                          1
distributed.worker - INFO - -------------------------------------------------
distributed.worker - INFO - Waiting to connect to:   tcp://172.30.100.1:46491
distributed.worker - INFO -       Local Directory: /scratch/cnt0024/hmg2840/albert7a/daskjobqueue/worker-a1494e7k
distributed.worker - INFO - -------------------------------------------------
distributed.worker - INFO -                Memory:                    4.29 GB
distributed.worker - INFO -       Local Directory: /scratch/cnt0024/hmg2840/albert7a/daskjobqueue/worker-y06g_i1g
distributed.worker - INFO - Waiting to connect to:   tcp://172.30.100.1:46491
distributed.worker - INFO - -------------------------------------------------
distributed.worker - INFO -                Memory:                    4.29 GB
distributed.worker - INFO -               Threads:                          1
distributed.worker - INFO -               Threads:                          1
distributed.worker - INFO - -------------------------------------------------
distributed.worker - INFO - -------------------------------------------------
distributed.worker - INFO -       Local Directory: /scratch/cnt0024/hmg2840/albert7a/daskjobqueue/worker-8c7zglqk
distributed.worker - INFO -               Threads:                          1
distributed.worker - INFO -                Memory:                    4.29 GB
distributed.worker - INFO - -------------------------------------------------
distributed.worker - INFO -       Local Directory: /scratch/cnt0024/hmg2840/albert7a/daskjobqueue/worker-tvb9suhp
distributed.worker - INFO -       Local Directory: /scratch/cnt0024/hmg2840/albert7a/daskjobqueue/worker-ffj931fw
distributed.worker - INFO -                Memory:                    4.29 GB
distributed.worker - INFO - -------------------------------------------------
distributed.worker - INFO - -------------------------------------------------
distributed.worker - INFO -       Local Directory: /scratch/cnt0024/hmg2840/albert7a/daskjobqueue/worker-_1oucw2x
distributed.worker - INFO -                Memory:                    4.29 GB
distributed.worker - INFO - -------------------------------------------------
distributed.worker - INFO -               Threads:                          1
distributed.worker - INFO -                Memory:                    4.29 GB
distributed.worker - INFO - -------------------------------------------------
distributed.worker - INFO - -------------------------------------------------
distributed.worker - INFO - -------------------------------------------------
distributed.worker - INFO -                Memory:                    4.29 GB
distributed.worker - INFO -       Local Directory: /scratch/cnt0024/hmg2840/albert7a/daskjobqueue/worker-l54txug8
distributed.worker - INFO -               Threads:                          1
distributed.worker - INFO -       Local Directory: /scratch/cnt0024/hmg2840/albert7a/daskjobqueue/worker-0fq6o4_k
distributed.worker - INFO -               Threads:                          1
distributed.worker - INFO -       Local Directory: /scratch/cnt0024/hmg2840/albert7a/daskjobqueue/worker-tepa0dek
distributed.worker - INFO -       Local Directory: /scratch/cnt0024/hmg2840/albert7a/daskjobqueue/worker-98jux_21
distributed.worker - INFO -               Threads:                          1
distributed.worker - INFO -                Memory:                    4.29 GB
distributed.worker - INFO -       Local Directory: /scratch/cnt0024/hmg2840/albert7a/daskjobqueue/worker-jmmal72e
distributed.worker - INFO -               Threads:                          1
distributed.worker - INFO - -------------------------------------------------
distributed.worker - INFO - -------------------------------------------------
distributed.worker - INFO -       Local Directory: /scratch/cnt0024/hmg2840/albert7a/daskjobqueue/worker-5kltsxch
distributed.worker - INFO - -------------------------------------------------
distributed.worker - INFO -                Memory:                    4.29 GB
distributed.worker - INFO -                Memory:                    4.29 GB
distributed.worker - INFO -                Memory:                    4.29 GB
distributed.worker - INFO -       Local Directory: /scratch/cnt0024/hmg2840/albert7a/daskjobqueue/worker-cue8c8bn
distributed.worker - INFO - -------------------------------------------------
distributed.worker - INFO -                Memory:                    4.29 GB
distributed.worker - INFO -       Local Directory: /scratch/cnt0024/hmg2840/albert7a/daskjobqueue/worker-y7kzc7id
distributed.worker - INFO -                Memory:                    4.29 GB
distributed.worker - INFO - -------------------------------------------------
distributed.worker - INFO -       Local Directory: /scratch/cnt0024/hmg2840/albert7a/daskjobqueue/worker-16mdxf2o
distributed.worker - INFO - -------------------------------------------------
distributed.worker - INFO -       Local Directory: /scratch/cnt0024/hmg2840/albert7a/daskjobqueue/worker-0u15f55t
distributed.worker - INFO - -------------------------------------------------
distributed.worker - INFO -       Local Directory: /scratch/cnt0024/hmg2840/albert7a/daskjobqueue/worker-1it_s59e
distributed.worker - INFO - -------------------------------------------------
distributed.worker - INFO -       Local Directory: /scratch/cnt0024/hmg2840/albert7a/daskjobqueue/worker-ky1_rkp1
distributed.worker - INFO -          Listening to:    tcp://172.30.8.59:44072
distributed.worker - INFO - -------------------------------------------------
distributed.worker - INFO - -------------------------------------------------
distributed.worker - INFO - -------------------------------------------------
distributed.worker - INFO -          dashboard at:          172.30.8.59:46722
distributed.worker - INFO - -------------------------------------------------
distributed.worker - INFO - Waiting to connect to:   tcp://172.30.100.1:46491
distributed.worker - INFO - -------------------------------------------------
distributed.worker - INFO - -------------------------------------------------
distributed.worker - INFO - -------------------------------------------------
distributed.worker - INFO -               Threads:                          1
distributed.worker - INFO -                Memory:                    4.29 GB
distributed.worker - INFO - -------------------------------------------------
distributed.worker - INFO -       Local Directory: /scratch/cnt0024/hmg2840/albert7a/daskjobqueue/worker-a_p9brd3
distributed.worker - INFO - -------------------------------------------------
distributed.worker - INFO - -------------------------------------------------
distributed.worker - INFO -         Registered to:   tcp://172.30.100.1:46491
distributed.worker - INFO - -------------------------------------------------
distributed.worker - INFO -         Registered to:   tcp://172.30.100.1:46491
distributed.worker - INFO - -------------------------------------------------
distributed.core - INFO - Starting established connection
distributed.core - INFO - Starting established connection
distributed.worker - INFO -         Registered to:   tcp://172.30.100.1:46491
distributed.worker - INFO - -------------------------------------------------
distributed.core - INFO - Starting established connection
distributed.worker - INFO -         Registered to:   tcp://172.30.100.1:46491
distributed.worker - INFO -         Registered to:   tcp://172.30.100.1:46491
distributed.worker - INFO -         Registered to:   tcp://172.30.100.1:46491
distributed.worker - INFO - -------------------------------------------------
distributed.worker - INFO -         Registered to:   tcp://172.30.100.1:46491
distributed.worker - INFO -         Registered to:   tcp://172.30.100.1:46491
distributed.worker - INFO -         Registered to:   tcp://172.30.100.1:46491
distributed.worker - INFO - -------------------------------------------------
distributed.worker - INFO - -------------------------------------------------
distributed.worker - INFO -         Registered to:   tcp://172.30.100.1:46491
distributed.worker - INFO -         Registered to:   tcp://172.30.100.1:46491
distributed.worker - INFO - -------------------------------------------------
distributed.worker - INFO - -------------------------------------------------
distributed.worker - INFO - -------------------------------------------------
distributed.worker - INFO -         Registered to:   tcp://172.30.100.1:46491
distributed.worker - INFO -         Registered to:   tcp://172.30.100.1:46491
distributed.worker - INFO -         Registered to:   tcp://172.30.100.1:46491
distributed.worker - INFO -         Registered to:   tcp://172.30.100.1:46491
distributed.worker - INFO - -------------------------------------------------
distributed.worker - INFO - -------------------------------------------------
distributed.worker - INFO -         Registered to:   tcp://172.30.100.1:46491
distributed.worker - INFO - -------------------------------------------------
distributed.worker - INFO - -------------------------------------------------
distributed.worker - INFO - -------------------------------------------------
distributed.worker - INFO -         Registered to:   tcp://172.30.100.1:46491
distributed.worker - INFO - -------------------------------------------------
distributed.worker - INFO - -------------------------------------------------
distributed.core - INFO - Starting established connection
distributed.core - INFO - Starting established connection
distributed.core - INFO - Starting established connection
distributed.worker - INFO -         Registered to:   tcp://172.30.100.1:46491
distributed.worker - INFO -         Registered to:   tcp://172.30.100.1:46491
distributed.worker - INFO - -------------------------------------------------
distributed.core - INFO - Starting established connection
distributed.worker - INFO -         Registered to:   tcp://172.30.100.1:46491
distributed.worker - INFO -         Registered to:   tcp://172.30.100.1:46491
distributed.core - INFO - Starting established connection
distributed.core - INFO - Starting established connection
distributed.worker - INFO - -------------------------------------------------
distributed.worker - INFO - -------------------------------------------------
distributed.core - INFO - Starting established connection
distributed.worker - INFO -         Registered to:   tcp://172.30.100.1:46491
distributed.worker - INFO - -------------------------------------------------
distributed.worker - INFO - -------------------------------------------------
distributed.core - INFO - Starting established connection
distributed.core - INFO - Starting established connection
distributed.core - INFO - Starting established connection
distributed.core - INFO - Starting established connection
distributed.worker - INFO -         Registered to:   tcp://172.30.100.1:46491
distributed.core - INFO - Starting established connection
distributed.worker - INFO - -------------------------------------------------
distributed.core - INFO - Starting established connection
distributed.worker - INFO -         Registered to:   tcp://172.30.100.1:46491
distributed.worker - INFO - -------------------------------------------------
distributed.core - INFO - Starting established connection
distributed.worker - INFO - -------------------------------------------------
distributed.core - INFO - Starting established connection
distributed.core - INFO - Starting established connection
distributed.worker - INFO -         Registered to:   tcp://172.30.100.1:46491
distributed.core - INFO - Starting established connection
distributed.core - INFO - Starting established connection
distributed.core - INFO - Starting established connection
distributed.worker - INFO - -------------------------------------------------
distributed.core - INFO - Starting established connection
distributed.core - INFO - Starting established connection
distributed.core - INFO - Starting established connection
distributed.worker - INFO -         Registered to:   tcp://172.30.100.1:46491
distributed.worker - INFO -         Registered to:   tcp://172.30.100.1:46491
distributed.worker - INFO - -------------------------------------------------
distributed.worker - INFO - -------------------------------------------------
distributed.worker - INFO -         Registered to:   tcp://172.30.100.1:46491
distributed.worker - INFO - -------------------------------------------------
distributed.core - INFO - Starting established connection
distributed.core - INFO - Starting established connection
distributed.core - INFO - Starting established connection
tornado.application - ERROR - Exception in callback functools.partial(<bound method IOLoop._discard_future_result of <tornado.platform.asyncio.AsyncIOLoop object at 0x2ab3bacf2160>>, <Future finished exception=OSError("Timed out trying to connect to 'tcp://172.30.100.1:46491' after 10 s: connect() didn't finish in time")>)
Traceback (most recent call last):
  File "/scratch/cnt0024/hmg2840/albert7a/anaconda3/lib/python3.7/site-packages/distributed/comm/core.py", line 218, in connect
    quiet_exceptions=EnvironmentError,
  File "/scratch/cnt0024/hmg2840/albert7a/anaconda3/lib/python3.7/site-packages/tornado/gen.py", line 729, in run
    value = future.result()
tornado.util.TimeoutError: Timeout

During handling of the above exception, another exception occurred:

Traceback (most recent call last):
  File "/scratch/cnt0024/hmg2840/albert7a/anaconda3/lib/python3.7/site-packages/tornado/ioloop.py", line 743, in _run_callback
    ret = callback()
  File "/scratch/cnt0024/hmg2840/albert7a/anaconda3/lib/python3.7/site-packages/tornado/ioloop.py", line 767, in _discard_future_result
    future.result()
  File "/scratch/cnt0024/hmg2840/albert7a/anaconda3/lib/python3.7/site-packages/tornado/gen.py", line 736, in run
    yielded = self.gen.throw(*exc_info)  # type: ignore
  File "/scratch/cnt0024/hmg2840/albert7a/anaconda3/lib/python3.7/site-packages/distributed/worker.py", line 791, in heartbeat
    address=self.contact_address, now=time(), metrics=self.get_metrics()
  File "/scratch/cnt0024/hmg2840/albert7a/anaconda3/lib/python3.7/site-packages/tornado/gen.py", line 729, in run
    value = future.result()
  File "/scratch/cnt0024/hmg2840/albert7a/anaconda3/lib/python3.7/site-packages/tornado/gen.py", line 736, in run
    yielded = self.gen.throw(*exc_info)  # type: ignore
  File "/scratch/cnt0024/hmg2840/albert7a/anaconda3/lib/python3.7/site-packages/distributed/core.py", line 738, in send_recv_from_rpc
    comm = yield self.pool.connect(self.addr)
  File "/scratch/cnt0024/hmg2840/albert7a/anaconda3/lib/python3.7/site-packages/tornado/gen.py", line 729, in run
    value = future.result()
  File "/scratch/cnt0024/hmg2840/albert7a/anaconda3/lib/python3.7/site-packages/tornado/gen.py", line 736, in run
    yielded = self.gen.throw(*exc_info)  # type: ignore
  File "/scratch/cnt0024/hmg2840/albert7a/anaconda3/lib/python3.7/site-packages/distributed/core.py", line 866, in connect
    connection_args=self.connection_args,
  File "/scratch/cnt0024/hmg2840/albert7a/anaconda3/lib/python3.7/site-packages/tornado/gen.py", line 729, in run
    value = future.result()
  File "/scratch/cnt0024/hmg2840/albert7a/anaconda3/lib/python3.7/site-packages/tornado/gen.py", line 736, in run
    yielded = self.gen.throw(*exc_info)  # type: ignore
  File "/scratch/cnt0024/hmg2840/albert7a/anaconda3/lib/python3.7/site-packages/distributed/comm/core.py", line 230, in connect
    _raise(error)
  File "/scratch/cnt0024/hmg2840/albert7a/anaconda3/lib/python3.7/site-packages/distributed/comm/core.py", line 207, in _raise
    raise IOError(msg)
OSError: Timed out trying to connect to 'tcp://172.30.100.1:46491' after 10 s: connect() didn't finish in time
tornado.application - ERROR - Exception in callback functools.partial(<bound method IOLoop._discard_future_result of <tornado.platform.asyncio.AsyncIOLoop object at 0x2ab3bacf2160>>, <Future finished exception=OSError("Timed out trying to connect to 'tcp://172.30.100.1:46491' after 10 s: connect() didn't finish in time")>)
Traceback (most recent call last):
  File "/scratch/cnt0024/hmg2840/albert7a/anaconda3/lib/python3.7/site-packages/distributed/comm/core.py", line 218, in connect
    quiet_exceptions=EnvironmentError,
  File "/scratch/cnt0024/hmg2840/albert7a/anaconda3/lib/python3.7/site-packages/tornado/gen.py", line 729, in run
    value = future.result()
tornado.util.TimeoutError: Timeout

During handling of the above exception, another exception occurred:

Traceback (most recent call last):
  File "/scratch/cnt0024/hmg2840/albert7a/anaconda3/lib/python3.7/site-packages/tornado/ioloop.py", line 743, in _run_callback
    ret = callback()
  File "/scratch/cnt0024/hmg2840/albert7a/anaconda3/lib/python3.7/site-packages/tornado/ioloop.py", line 767, in _discard_future_result
    future.result()
  File "/scratch/cnt0024/hmg2840/albert7a/anaconda3/lib/python3.7/site-packages/tornado/gen.py", line 736, in run
    yielded = self.gen.throw(*exc_info)  # type: ignore
  File "/scratch/cnt0024/hmg2840/albert7a/anaconda3/lib/python3.7/site-packages/distributed/worker.py", line 791, in heartbeat
    address=self.contact_address, now=time(), metrics=self.get_metrics()
  File "/scratch/cnt0024/hmg2840/albert7a/anaconda3/lib/python3.7/site-packages/tornado/gen.py", line 729, in run
    value = future.result()
  File "/scratch/cnt0024/hmg2840/albert7a/anaconda3/lib/python3.7/site-packages/tornado/gen.py", line 736, in run
    yielded = self.gen.throw(*exc_info)  # type: ignore
  File "/scratch/cnt0024/hmg2840/albert7a/anaconda3/lib/python3.7/site-packages/distributed/core.py", line 738, in send_recv_from_rpc
    comm = yield self.pool.connect(self.addr)
  File "/scratch/cnt0024/hmg2840/albert7a/anaconda3/lib/python3.7/site-packages/tornado/gen.py", line 729, in run
    value = future.result()
  File "/scratch/cnt0024/hmg2840/albert7a/anaconda3/lib/python3.7/site-packages/tornado/gen.py", line 736, in run
    yielded = self.gen.throw(*exc_info)  # type: ignore
  File "/scratch/cnt0024/hmg2840/albert7a/anaconda3/lib/python3.7/site-packages/distributed/core.py", line 866, in connect
    connection_args=self.connection_args,
  File "/scratch/cnt0024/hmg2840/albert7a/anaconda3/lib/python3.7/site-packages/tornado/gen.py", line 729, in run
    value = future.result()
  File "/scratch/cnt0024/hmg2840/albert7a/anaconda3/lib/python3.7/site-packages/tornado/gen.py", line 736, in run
    yielded = self.gen.throw(*exc_info)  # type: ignore
  File "/scratch/cnt0024/hmg2840/albert7a/anaconda3/lib/python3.7/site-packages/distributed/comm/core.py", line 230, in connect
    _raise(error)
  File "/scratch/cnt0024/hmg2840/albert7a/anaconda3/lib/python3.7/site-packages/distributed/comm/core.py", line 207, in _raise
    raise IOError(msg)
OSError: Timed out trying to connect to 'tcp://172.30.100.1:46491' after 10 s: connect() didn't finish in time
distributed.comm.tcp - WARNING - Closing dangling stream in <TCP  local=tcp://172.30.8.59:50760 remote=tcp://172.30.100.1:46491>
distributed.comm.tcp - WARNING - Closing dangling stream in <TCP  local=tcp://172.30.8.59:51110 remote=tcp://172.30.100.1:46491>
tornado.application - ERROR - Exception in callback functools.partial(<bound method IOLoop._discard_future_result of <tornado.platform.asyncio.AsyncIOLoop object at 0x2ab3bacf2160>>, <Future finished exception=OSError("Timed out trying to connect to 'tcp://172.30.100.1:46491' after 10 s: connect() didn't finish in time")>)
Traceback (most recent call last):
  File "/scratch/cnt0024/hmg2840/albert7a/anaconda3/lib/python3.7/site-packages/distributed/comm/core.py", line 218, in connect
    quiet_exceptions=EnvironmentError,
  File "/scratch/cnt0024/hmg2840/albert7a/anaconda3/lib/python3.7/site-packages/tornado/gen.py", line 729, in run
    value = future.result()
tornado.util.TimeoutError: Timeout

During handling of the above exception, another exception occurred:

Traceback (most recent call last):
  File "/scratch/cnt0024/hmg2840/albert7a/anaconda3/lib/python3.7/site-packages/tornado/ioloop.py", line 743, in _run_callback
    ret = callback()
  File "/scratch/cnt0024/hmg2840/albert7a/anaconda3/lib/python3.7/site-packages/tornado/ioloop.py", line 767, in _discard_future_result
    future.result()
  File "/scratch/cnt0024/hmg2840/albert7a/anaconda3/lib/python3.7/site-packages/tornado/gen.py", line 736, in run
    yielded = self.gen.throw(*exc_info)  # type: ignore
  File "/scratch/cnt0024/hmg2840/albert7a/anaconda3/lib/python3.7/site-packages/distributed/worker.py", line 791, in heartbeat
    address=self.contact_address, now=time(), metrics=self.get_metrics()
  File "/scratch/cnt0024/hmg2840/albert7a/anaconda3/lib/python3.7/site-packages/tornado/gen.py", line 729, in run
    value = future.result()
  File "/scratch/cnt0024/hmg2840/albert7a/anaconda3/lib/python3.7/site-packages/tornado/gen.py", line 736, in run
    yielded = self.gen.throw(*exc_info)  # type: ignore
  File "/scratch/cnt0024/hmg2840/albert7a/anaconda3/lib/python3.7/site-packages/distributed/core.py", line 738, in send_recv_from_rpc
    comm = yield self.pool.connect(self.addr)
  File "/scratch/cnt0024/hmg2840/albert7a/anaconda3/lib/python3.7/site-packages/tornado/gen.py", line 729, in run
    value = future.result()
  File "/scratch/cnt0024/hmg2840/albert7a/anaconda3/lib/python3.7/site-packages/tornado/gen.py", line 736, in run
    yielded = self.gen.throw(*exc_info)  # type: ignore
  File "/scratch/cnt0024/hmg2840/albert7a/anaconda3/lib/python3.7/site-packages/distributed/core.py", line 866, in connect
    connection_args=self.connection_args,
  File "/scratch/cnt0024/hmg2840/albert7a/anaconda3/lib/python3.7/site-packages/tornado/gen.py", line 729, in run
    value = future.result()
  File "/scratch/cnt0024/hmg2840/albert7a/anaconda3/lib/python3.7/site-packages/tornado/gen.py", line 736, in run
    yielded = self.gen.throw(*exc_info)  # type: ignore
  File "/scratch/cnt0024/hmg2840/albert7a/anaconda3/lib/python3.7/site-packages/distributed/comm/core.py", line 230, in connect
    _raise(error)
  File "/scratch/cnt0024/hmg2840/albert7a/anaconda3/lib/python3.7/site-packages/distributed/comm/core.py", line 207, in _raise
    raise IOError(msg)
OSError: Timed out trying to connect to 'tcp://172.30.100.1:46491' after 10 s: connect() didn't finish in time
distributed.comm.tcp - WARNING - Closing dangling stream in <TCP  local=tcp://172.30.8.59:51288 remote=tcp://172.30.100.1:46491>
distributed.comm.tcp - WARNING - Closing dangling stream in <TCP  local=tcp://172.30.8.59:51298 remote=tcp://172.30.100.1:46491>
distributed.comm.tcp - WARNING - Closing dangling stream in <TCP  local=tcp://172.30.8.59:51284 remote=tcp://172.30.100.1:46491>
distributed.comm.tcp - WARNING - Closing dangling stream in <TCP  local=tcp://172.30.8.59:51300 remote=tcp://172.30.100.1:46491>
distributed.comm.tcp - WARNING - Closing dangling stream in <TCP  local=tcp://172.30.8.59:51508 remote=tcp://172.30.100.1:46491>
distributed.comm.tcp - WARNING - Closing dangling stream in <TCP  local=tcp://172.30.8.59:51418 remote=tcp://172.30.100.1:46491>
distributed.comm.tcp - WARNING - Closing dangling stream in <TCP  local=tcp://172.30.8.59:51506 remote=tcp://172.30.100.1:46491>
distributed.comm.tcp - WARNING - Closing dangling stream in <TCP  local=tcp://172.30.8.59:51464 remote=tcp://172.30.100.1:46491>
distributed.comm.tcp - WARNING - Closing dangling stream in <TCP  local=tcp://172.30.8.59:51496 remote=tcp://172.30.100.1:46491>
distributed.comm.tcp - WARNING - Closing dangling stream in <TCP  local=tcp://172.30.8.59:51512 remote=tcp://172.30.100.1:46491>
distributed.comm.tcp - WARNING - Closing dangling stream in <TCP  local=tcp://172.30.8.59:51510 remote=tcp://172.30.100.1:46491>
distributed.comm.tcp - WARNING - Closing dangling stream in <TCP  local=tcp://172.30.8.59:51528 remote=tcp://172.30.100.1:46491>
distributed.comm.tcp - WARNING - Closing dangling stream in <TCP  local=tcp://172.30.8.59:51560 remote=tcp://172.30.100.1:46491>
distributed.comm.tcp - WARNING - Closing dangling stream in <TCP  local=tcp://172.30.8.59:51558 remote=tcp://172.30.100.1:46491>
distributed.comm.tcp - WARNING - Closing dangling stream in <TCP  local=tcp://172.30.8.59:51140 remote=tcp://172.30.100.1:46491>
distributed.comm.tcp - WARNING - Closing dangling stream in <TCP  local=tcp://172.30.8.59:51012 remote=tcp://172.30.100.1:46491>
distributed.comm.tcp - WARNING - Closing dangling stream in <TCP  local=tcp://172.30.8.59:51172 remote=tcp://172.30.100.1:46491>
distributed.comm.tcp - WARNING - Closing dangling stream in <TCP  local=tcp://172.30.8.59:51044 remote=tcp://172.30.100.1:46491>
distributed.comm.tcp - WARNING - Closing dangling stream in <TCP  local=tcp://172.30.8.59:51060 remote=tcp://172.30.100.1:46491>
distributed.comm.tcp - WARNING - Closing dangling stream in <TCP  local=tcp://172.30.8.59:51092 remote=tcp://172.30.100.1:46491>
distributed.comm.tcp - WARNING - Closing dangling stream in <TCP  local=tcp://172.30.8.59:51108 remote=tcp://172.30.100.1:46491>
distributed.comm.tcp - WARNING - Closing dangling stream in <TCP  local=tcp://172.30.8.59:51124 remote=tcp://172.30.100.1:46491>
distributed.comm.tcp - WARNING - Closing dangling stream in <TCP  local=tcp://172.30.8.59:51156 remote=tcp://172.30.100.1:46491>
distributed.comm.tcp - WARNING - Closing dangling stream in <TCP  local=tcp://172.30.8.59:50900 remote=tcp://172.30.100.1:46491>
distributed.comm.tcp - WARNING - Closing dangling stream in <TCP  local=tcp://172.30.8.59:50916 remote=tcp://172.30.100.1:46491>
distributed.comm.tcp - WARNING - Closing dangling stream in <TCP  local=tcp://172.30.8.59:50932 remote=tcp://172.30.100.1:46491>
distributed.comm.tcp - WARNING - Closing dangling stream in <TCP  local=tcp://172.30.8.59:50948 remote=tcp://172.30.100.1:46491>
distributed.comm.tcp - WARNING - Closing dangling stream in <TCP  local=tcp://172.30.8.59:50964 remote=tcp://172.30.100.1:46491>
distributed.comm.tcp - WARNING - Closing dangling stream in <TCP  local=tcp://172.30.8.59:51028 remote=tcp://172.30.100.1:46491>
distributed.comm.tcp - WARNING - Closing dangling stream in <TCP  local=tcp://172.30.8.59:51294 remote=tcp://172.30.100.1:46491>
distributed.comm.tcp - WARNING - Closing dangling stream in <TCP  local=tcp://172.30.8.59:51342 remote=tcp://172.30.100.1:46491>
distributed.comm.tcp - WARNING - Closing dangling stream in <TCP  local=tcp://172.30.8.59:51358 remote=tcp://172.30.100.1:46491>
distributed.comm.tcp - WARNING - Closing dangling stream in <TCP  local=tcp://172.30.8.59:51262 remote=tcp://172.30.100.1:46491>
distributed.comm.tcp - WARNING - Closing dangling stream in <TCP  local=tcp://172.30.8.59:51278 remote=tcp://172.30.100.1:46491>
distributed.comm.tcp - WARNING - Closing dangling stream in <TCP  local=tcp://172.30.8.59:50982 remote=tcp://172.30.100.1:46491>
distributed.comm.tcp - WARNING - Closing dangling stream in <TCP  local=tcp://172.30.8.59:51126 remote=tcp://172.30.100.1:46491>
distributed.comm.tcp - WARNING - Closing dangling stream in <TCP  local=tcp://172.30.8.59:50998 remote=tcp://172.30.100.1:46491>
distributed.comm.tcp - WARNING - Closing dangling stream in <TCP  local=tcp://172.30.8.59:51142 remote=tcp://172.30.100.1:46491>
distributed.comm.tcp - WARNING - Closing dangling stream in <TCP  local=tcp://172.30.8.59:51014 remote=tcp://172.30.100.1:46491>
distributed.comm.tcp - WARNING - Closing dangling stream in <TCP  local=tcp://172.30.8.59:51046 remote=tcp://172.30.100.1:46491>
distributed.comm.tcp - WARNING - Closing dangling stream in <TCP  local=tcp://172.30.8.59:51062 remote=tcp://172.30.100.1:46491>
distributed.comm.tcp - WARNING - Closing dangling stream in <TCP  local=tcp://172.30.8.59:51094 remote=tcp://172.30.100.1:46491>
distributed.comm.tcp - WARNING - Closing dangling stream in <TCP  local=tcp://172.30.8.59:51158 remote=tcp://172.30.100.1:46491>
distributed.comm.tcp - WARNING - Closing dangling stream in <TCP  local=tcp://172.30.8.59:50902 remote=tcp://172.30.100.1:46491>
distributed.comm.tcp - WARNING - Closing dangling stream in <TCP  local=tcp://172.30.8.59:50918 remote=tcp://172.30.100.1:46491>
distributed.comm.tcp - WARNING - Closing dangling stream in <TCP  local=tcp://172.30.8.59:50934 remote=tcp://172.30.100.1:46491>
distributed.comm.tcp - WARNING - Closing dangling stream in <TCP  local=tcp://172.30.8.59:50950 remote=tcp://172.30.100.1:46491>
distributed.comm.tcp - WARNING - Closing dangling stream in <TCP  local=tcp://172.30.8.59:51030 remote=tcp://172.30.100.1:46491>
distributed.comm.tcp - WARNING - Closing dangling stream in <TCP  local=tcp://172.30.8.59:51080 remote=tcp://172.30.100.1:46491>
distributed.comm.tcp - WARNING - Closing dangling stream in <TCP  local=tcp://172.30.8.59:51296 remote=tcp://172.30.100.1:46491>
distributed.comm.tcp - WARNING - Closing dangling stream in <TCP  local=tcp://172.30.8.59:51264 remote=tcp://172.30.100.1:46491>
distributed.comm.tcp - WARNING - Closing dangling stream in <TCP  local=tcp://172.30.8.59:51556 remote=tcp://172.30.100.1:46491>
distributed.comm.tcp - WARNING - Closing dangling stream in <TCP  local=tcp://172.30.8.59:51114 remote=tcp://172.30.100.1:46491>
distributed.comm.tcp - WARNING - Closing dangling stream in <TCP  local=tcp://172.30.8.59:50986 remote=tcp://172.30.100.1:46491>
distributed.comm.tcp - WARNING - Closing dangling stream in <TCP  local=tcp://172.30.8.59:51130 remote=tcp://172.30.100.1:46491>
distributed.comm.tcp - WARNING - Closing dangling stream in <TCP  local=tcp://172.30.8.59:51002 remote=tcp://172.30.100.1:46491>
distributed.comm.tcp - WARNING - Closing dangling stream in <TCP  local=tcp://172.30.8.59:51146 remote=tcp://172.30.100.1:46491>
distributed.comm.tcp - WARNING - Closing dangling stream in <TCP  local=tcp://172.30.8.59:51018 remote=tcp://172.30.100.1:46491>
distributed.comm.tcp - WARNING - Closing dangling stream in <TCP  local=tcp://172.30.8.59:51050 remote=tcp://172.30.100.1:46491>
distributed.comm.tcp - WARNING - Closing dangling stream in <TCP  local=tcp://172.30.8.59:51066 remote=tcp://172.30.100.1:46491>
distributed.comm.tcp - WARNING - Closing dangling stream in <TCP  local=tcp://172.30.8.59:51098 remote=tcp://172.30.100.1:46491>
distributed.comm.tcp - WARNING - Closing dangling stream in <TCP  local=tcp://172.30.8.59:51162 remote=tcp://172.30.100.1:46491>
distributed.comm.tcp - WARNING - Closing dangling stream in <TCP  local=tcp://172.30.8.59:50906 remote=tcp://172.30.100.1:46491>
distributed.comm.tcp - WARNING - Closing dangling stream in <TCP  local=tcp://172.30.8.59:50922 remote=tcp://172.30.100.1:46491>
distributed.comm.tcp - WARNING - Closing dangling stream in <TCP  local=tcp://172.30.8.59:50938 remote=tcp://172.30.100.1:46491>
distributed.comm.tcp - WARNING - Closing dangling stream in <TCP  local=tcp://172.30.8.59:50954 remote=tcp://172.30.100.1:46491>
distributed.comm.tcp - WARNING - Closing dangling stream in <TCP  local=tcp://172.30.8.59:51034 remote=tcp://172.30.100.1:46491>
distributed.comm.tcp - WARNING - Closing dangling stream in <TCP  local=tcp://172.30.8.59:51268 remote=tcp://172.30.100.1:46491>
distributed.comm.tcp - WARNING - Closing dangling stream in <TCP  local=tcp://172.30.8.59:51448 remote=tcp://172.30.100.1:46491>
distributed.comm.tcp - WARNING - Closing dangling stream in <TCP  local=tcp://172.30.8.59:51592 remote=tcp://172.30.100.1:46491>
distributed.comm.tcp - WARNING - Closing dangling stream in <TCP  local=tcp://172.30.8.59:51480 remote=tcp://172.30.100.1:46491>
slurmstepd: error: *** JOB 7329223 ON n2498 CANCELLED AT 2019-09-04T11:01:43 DUE TO TIME LIMIT ***
